# JRE version: OpenJDK Runtime Environment Temurin-21.0.6+7 (21.0.6+7) (build 21.0.6+7-LTS)
# Java VM: OpenJDK 64-Bit Server VM Temurin-21.0.6+7 (21.0.6+7-LTS, mixed mode, sharing, tiered, compressed oops, compressed class ptrs, g1 gc, windows-amd64)
GC Precious Log:
 CardTable entry size: 512
 Card Set container configuration: InlinePtr #cards 5 size 8 Array Of Cards #cards 12 size 40 Howl #buckets 4 coarsen threshold 1843 Howl Bitmap #cards 512 size 80 coarsen threshold 460 Card regions per heap region 1 cards per card region 2048
 CPUs: 4 total, 4 available
 Memory: 7880M
 Large Page Support: Disabled
 NUMA Support: Disabled
 Compressed Oops: Enabled (32-bit)
 Heap Region Size: 1M
 Heap Min Capacity: 8M
 Heap Initial Capacity: 124M
 Heap Max Capacity: 1972M
 Pre-touch: Disabled
 Parallel Workers: 4
 Concurrent Workers: 1
 Concurrent Refinement Workers: 4
 Periodic GC: Disabled
Heap:
 garbage-first heap   total 131072K, used 70085K [0x0000000084c00000, 0x0000000100000000)
  region size 1024K, 24 young (24576K), 4 survivors (4096K)
 Metaspace       used 33102K, committed 33664K, reserved 1114112K
  class space    used 3635K, committed 3904K, reserved 1048576K
GC Heap History (20 events):
Event: 6.879 GC heap before
{Heap before GC invocations=6 (full 0):
 garbage-first heap   total 81920K, used 63888K [0x0000000084c00000, 0x0000000100000000)
  region size 1024K, 48 young (49152K), 9 survivors (9216K)
 Metaspace       used 26870K, committed 27200K, reserved 1114112K
  class space    used 3004K, committed 3136K, reserved 1048576K
}
Event: 6.902 GC heap after
{Heap after GC invocations=7 (full 0):
 garbage-first heap   total 81920K, used 29584K [0x0000000084c00000, 0x0000000100000000)
  region size 1024K, 6 young (6144K), 6 survivors (6144K)
 Metaspace       used 26870K, committed 27200K, reserved 1114112K
  class space    used 3004K, committed 3136K, reserved 1048576K
}
Event: 7.492 GC heap before
{Heap before GC invocations=7 (full 0):
 garbage-first heap   total 81920K, used 65424K [0x0000000084c00000, 0x0000000100000000)
  region size 1024K, 42 young (43008K), 6 survivors (6144K)
 Metaspace       used 27458K, committed 27776K, reserved 1114112K
  class space    used 3066K, committed 3200K, reserved 1048576K
}
Event: 7.510 GC heap after
{Heap after GC invocations=8 (full 0):
 garbage-first heap   total 82944K, used 38912K [0x0000000084c00000, 0x0000000100000000)
  region size 1024K, 6 young (6144K), 6 survivors (6144K)
 Metaspace       used 27458K, committed 27776K, reserved 1114112K
  class space    used 3066K, committed 3200K, reserved 1048576K
}
Event: 7.771 GC heap before
{Heap before GC invocations=8 (full 0):
 garbage-first heap   total 82944K, used 66560K [0x0000000084c00000, 0x0000000100000000)
  region size 1024K, 33 young (33792K), 6 survivors (6144K)
 Metaspace       used 27750K, committed 28096K, reserved 1114112K
  class space    used 3069K, committed 3200K, reserved 1048576K
}
Event: 7.785 GC heap after
{Heap after GC invocations=9 (full 0):
 garbage-first heap   total 100352K, used 44032K [0x0000000084c00000, 0x0000000100000000)
  region size 1024K, 5 young (5120K), 5 survivors (5120K)
 Metaspace       used 27750K, committed 28096K, reserved 1114112K
  class space    used 3069K, committed 3200K, reserved 1048576K
}
Event: 8.489 GC heap before
{Heap before GC invocations=9 (full 0):
 garbage-first heap   total 100352K, used 79872K [0x0000000084c00000, 0x0000000100000000)
  region size 1024K, 41 young (41984K), 5 survivors (5120K)
 Metaspace       used 29834K, committed 30208K, reserved 1114112K
  class space    used 3282K, committed 3456K, reserved 1048576K
}
Event: 8.497 GC heap after
{Heap after GC invocations=10 (full 0):
 garbage-first heap   total 100352K, used 45515K [0x0000000084c00000, 0x0000000100000000)
  region size 1024K, 2 young (2048K), 2 survivors (2048K)
 Metaspace       used 29834K, committed 30208K, reserved 1114112K
  class space    used 3282K, committed 3456K, reserved 1048576K
}
Event: 9.029 GC heap before
{Heap before GC invocations=10 (full 0):
 garbage-first heap   total 100352K, used 83403K [0x0000000084c00000, 0x0000000100000000)
  region size 1024K, 39 young (39936K), 2 survivors (2048K)
 Metaspace       used 30613K, committed 31168K, reserved 1114112K
  class space    used 3381K, committed 3648K, reserved 1048576K
}
Event: 9.034 GC heap after
{Heap after GC invocations=11 (full 0):
 garbage-first heap   total 100352K, used 46974K [0x0000000084c00000, 0x0000000100000000)
  region size 1024K, 3 young (3072K), 3 survivors (3072K)
 Metaspace       used 30613K, committed 31168K, reserved 1114112K
  class space    used 3381K, committed 3648K, reserved 1048576K
}
Event: 9.337 GC heap before
{Heap before GC invocations=11 (full 0):
 garbage-first heap   total 100352K, used 86910K [0x0000000084c00000, 0x0000000100000000)
  region size 1024K, 42 young (43008K), 3 survivors (3072K)
 Metaspace       used 30894K, committed 31424K, reserved 1114112K
  class space    used 3396K, committed 3648K, reserved 1048576K
}
Event: 9.346 GC heap after
{Heap after GC invocations=12 (full 0):
 garbage-first heap   total 100352K, used 48898K [0x0000000084c00000, 0x0000000100000000)
  region size 1024K, 5 young (5120K), 5 survivors (5120K)
 Metaspace       used 30894K, committed 31424K, reserved 1114112K
  class space    used 3396K, committed 3648K, reserved 1048576K
}
Event: 9.558 GC heap before
{Heap before GC invocations=12 (full 0):
 garbage-first heap   total 100352K, used 87810K [0x0000000084c00000, 0x0000000100000000)
  region size 1024K, 43 young (44032K), 5 survivors (5120K)
 Metaspace       used 30984K, committed 31488K, reserved 1114112K
  class space    used 3399K, committed 3648K, reserved 1048576K
}
Event: 9.567 GC heap after
{Heap after GC invocations=13 (full 0):
 garbage-first heap   total 100352K, used 50848K [0x0000000084c00000, 0x0000000100000000)
  region size 1024K, 4 young (4096K), 4 survivors (4096K)
 Metaspace       used 30984K, committed 31488K, reserved 1114112K
  class space    used 3399K, committed 3648K, reserved 1048576K
}
Event: 9.711 GC heap before
{Heap before GC invocations=13 (full 0):
 garbage-first heap   total 100352K, used 89760K [0x0000000084c00000, 0x0000000100000000)
  region size 1024K, 42 young (43008K), 4 survivors (4096K)
 Metaspace       used 31056K, committed 31552K, reserved 1114112K
  class space    used 3406K, committed 3648K, reserved 1048576K
}
Event: 9.720 GC heap after
{Heap after GC invocations=14 (full 0):
 garbage-first heap   total 131072K, used 51497K [0x0000000084c00000, 0x0000000100000000)
  region size 1024K, 3 young (3072K), 3 survivors (3072K)
 Metaspace       used 31056K, committed 31552K, reserved 1114112K
  class space    used 3406K, committed 3648K, reserved 1048576K
}
Event: 10.213 GC heap before
{Heap before GC invocations=15 (full 0):
 garbage-first heap   total 131072K, used 117033K [0x0000000084c00000, 0x0000000100000000)
  region size 1024K, 67 young (68608K), 3 survivors (3072K)
 Metaspace       used 31162K, committed 31680K, reserved 1114112K
  class space    used 3406K, committed 3648K, reserved 1048576K
}
Event: 10.220 GC heap after
{Heap after GC invocations=16 (full 0):
 garbage-first heap   total 131072K, used 52368K [0x0000000084c00000, 0x0000000100000000)
  region size 1024K, 4 young (4096K), 4 survivors (4096K)
 Metaspace       used 31162K, committed 31680K, reserved 1114112K
  class space    used 3406K, committed 3648K, reserved 1048576K
}
Event: 10.575 GC heap before
{Heap before GC invocations=16 (full 0):
 garbage-first heap   total 131072K, used 118928K [0x0000000084c00000, 0x0000000100000000)
  region size 1024K, 69 young (70656K), 4 survivors (4096K)
 Metaspace       used 31711K, committed 32192K, reserved 1114112K
  class space    used 3462K, committed 3712K, reserved 1048576K
}
Event: 10.581 GC heap after
{Heap after GC invocations=17 (full 0):
 garbage-first heap   total 131072K, used 51653K [0x0000000084c00000, 0x0000000100000000)
  region size 1024K, 4 young (4096K), 4 survivors (4096K)
 Metaspace       used 31711K, committed 32192K, reserved 1114112K
  class space    used 3462K, committed 3712K, reserved 1048576K
}

